<?xml version="1.0" encoding="UTF-8"?>
<testng-results ignored="0" total="6" passed="6" failed="0" skipped="0">
  <reporter-output>
  </reporter-output>
  <suite started-at="2023-11-22T11:03:36 EST" name="Default suite" finished-at="2023-11-22T11:03:51 EST" duration-ms="14589">
    <groups>
    </groups>
    <test started-at="2023-11-22T11:03:36 EST" name="Default test" finished-at="2023-11-22T11:03:51 EST" duration-ms="14589">
      <class name="resolverAssessment.ResolverTest">
        <test-method is-config="true" signature="beforeTest()[pri:0, instance:resolverAssessment.ResolverTest@d86a6f]" started-at="2023-11-22T11:03:36 EST" name="beforeTest" finished-at="2023-11-22T11:03:42 EST" duration-ms="5703" status="PASS">
          <reporter-output>
          </reporter-output>
        </test-method> <!-- beforeTest -->
        <test-method signature="validatingEmailAndPasswordFieldTest()[pri:1, instance:resolverAssessment.ResolverTest@d86a6f]" started-at="2023-11-22T11:03:42 EST" name="validatingEmailAndPasswordFieldTest" description="Test 001 To validate the visibility and functionality of email and password field" finished-at="2023-11-22T11:03:42 EST" duration-ms="392" status="PASS">
          <reporter-output>
          </reporter-output>
        </test-method> <!-- validatingEmailAndPasswordFieldTest -->
        <test-method signature="verifyingListGroups()[pri:2, instance:resolverAssessment.ResolverTest@d86a6f]" started-at="2023-11-22T11:03:43 EST" name="verifyingListGroups" description="Test 002 To verify the functionality of listgroups" finished-at="2023-11-22T11:03:43 EST" duration-ms="81" status="PASS">
          <reporter-output>
          </reporter-output>
        </test-method> <!-- verifyingListGroups -->
        <test-method signature="verifyingDropDown()[pri:3, instance:resolverAssessment.ResolverTest@d86a6f]" started-at="2023-11-22T11:03:43 EST" name="verifyingDropDown" description="Test 003 To verify the default selected value and functionality of drop down" finished-at="2023-11-22T11:03:43 EST" duration-ms="201" status="PASS">
          <reporter-output>
          </reporter-output>
        </test-method> <!-- verifyingDropDown -->
        <test-method signature="testButtonStatus()[pri:4, instance:resolverAssessment.ResolverTest@d86a6f]" started-at="2023-11-22T11:03:43 EST" name="testButtonStatus" description="Test 004 To check the Active and disabled status of buttons" finished-at="2023-11-22T11:03:43 EST" duration-ms="76" status="PASS">
          <reporter-output>
          </reporter-output>
        </test-method> <!-- testButtonStatus -->
        <test-method signature="testButtonClickAndAssert()[pri:5, instance:resolverAssessment.ResolverTest@d86a6f]" started-at="2023-11-22T11:03:43 EST" name="testButtonClickAndAssert" description="Test 005 To validate the functionality of button with random delay" finished-at="2023-11-22T11:03:50 EST" duration-ms="7214" status="PASS">
          <reporter-output>
          </reporter-output>
        </test-method> <!-- testButtonClickAndAssert -->
        <test-method signature="testGridCellValue()[pri:6, instance:resolverAssessment.ResolverTest@d86a6f]" started-at="2023-11-22T11:03:50 EST" name="testGridCellValue" description="Test 006 To verify the web table functionality and fetch the value from a particular row and column" finished-at="2023-11-22T11:03:50 EST" duration-ms="32" status="PASS">
          <reporter-output>
          </reporter-output>
        </test-method> <!-- testGridCellValue -->
        <test-method is-config="true" signature="tearDown()[pri:0, instance:resolverAssessment.ResolverTest@d86a6f]" started-at="2023-11-22T11:03:50 EST" name="tearDown" finished-at="2023-11-22T11:03:51 EST" duration-ms="822" status="PASS">
          <reporter-output>
          </reporter-output>
        </test-method> <!-- tearDown -->
      </class> <!-- resolverAssessment.ResolverTest -->
    </test> <!-- Default test -->
  </suite> <!-- Default suite -->
</testng-results>
