<?xml version="1.0" encoding="UTF-8"?>
<!-- Generated by org.testng.reporters.JUnitXMLReporter -->
<testsuite ignored="0" hostname="Lenovo-PC" failures="0" tests="6" name="Default test" time="14.589" errors="0" timestamp="2023-11-22T11:03:51 EST">
  <testcase classname="resolverAssessment.ResolverTest" name="validatingEmailAndPasswordFieldTest" time="0.392"/>
  <testcase classname="resolverAssessment.ResolverTest" name="verifyingListGroups" time="0.081"/>
  <testcase classname="resolverAssessment.ResolverTest" name="verifyingDropDown" time="0.201"/>
  <testcase classname="resolverAssessment.ResolverTest" name="testButtonStatus" time="0.076"/>
  <testcase classname="resolverAssessment.ResolverTest" name="testButtonClickAndAssert" time="7.214"/>
  <testcase classname="resolverAssessment.ResolverTest" name="testGridCellValue" time="0.032"/>
</testsuite> <!-- Default test -->
